<?xml version="1.0" encoding="UTF-8"?>
<!-- Generated by org.testng.reporters.JUnitReportReporter -->
<testsuite hostname="LAPTOP-B4QKG7NC" failures="0" tests="3" name="testng.TestFrames" time="3.639" errors="0" timestamp="2022-11-27T20:08:28 IST" skipped="0">
  <testcase classname="testng.TestFrames" name="TestLaunchFrames" time="0.487"/>
  <system-out/>
  <testcase classname="testng.TestFrames" name="TestFramesinPage" time="0.039"/>
  <system-out/>
  <testcase classname="testng.TestFrames" name="TestFrameNavigation" time="3.113"/>
  <system-out/>
</testsuite> <!-- testng.TestFrames -->
